Using pre-set license
Built from '2021.1/staging' branch; Version is '2021.1.14f1 (51d2f824827f) revision 5362424'; Using compiler version '192528614'; Build Type 'Release'
OS: 'Windows 10 Home; OS build 19041.1110; Version 2004; 64bit' Language: 'en' Physical Memory: 14283 MB
BatchMode: 1, IsHumanControllingUs: 0, StartBugReporterOnCrash: 0, Is64bit: 1, IsPro: 0

 COMMAND LINE ARGUMENTS:
C:\Program Files\Unity\Hub\Editor\2021.1.14f1\Editor\Unity.exe
-adb2
-batchMode
-noUpm
-name
AssetImportWorker2
-projectPath
C:/Users/30698/Desktop/RPG-Project
-logFile
Logs/AssetImportWorker2.log
-srvPort
59552
Successfully changed project path to: C:/Users/30698/Desktop/RPG-Project
C:/Users/30698/Desktop/RPG-Project
Using Asset Import Pipeline V2.
Refreshing native plugins compatible for Editor in 273.67 ms, found 3 plugins.
Preloading 0 native plugins for Editor in 0.00 ms.
Initialize engine version: 2021.1.14f1 (51d2f824827f)
[Subsystems] Discovering subsystems at path C:/Program Files/Unity/Hub/Editor/2021.1.14f1/Editor/Data/Resources/UnitySubsystems
[Subsystems] Discovering subsystems at path C:/Users/30698/Desktop/RPG-Project/Assets
GfxDevice: creating device client; threaded=0; jobified=0
Direct3D:
    Version:  Direct3D 11.0 [level 11.1]
    Renderer: AMD Radeon(TM) RX Vega 10 Graphics (ID=0x15d8)
    Vendor:   ATI
    VRAM:     7141 MB
    Driver:   27.20.14544.6
Initialize mono
Mono path[0] = 'C:/Program Files/Unity/Hub/Editor/2021.1.14f1/Editor/Data/Managed'
Mono path[1] = 'C:/Program Files/Unity/Hub/Editor/2021.1.14f1/Editor/Data/MonoBleedingEdge/lib/mono/unityjit'
Mono config path = 'C:/Program Files/Unity/Hub/Editor/2021.1.14f1/Editor/Data/MonoBleedingEdge/etc'
Using monoOptions --debugger-agent=transport=dt_socket,embedding=1,server=y,suspend=n,address=127.0.0.1:56248
Begin MonoManager ReloadAssembly
Registering precompiled unity dll's ...
Register platform support module: C:/Program Files/Unity/Hub/Editor/2021.1.14f1/Editor/Data/PlaybackEngines/WindowsStandaloneSupport/UnityEditor.WindowsStandalone.Extensions.dll
Registered in 0.004593 seconds.
Native extension for WindowsStandalone target not found
Refreshing native plugins compatible for Editor in 206.38 ms, found 3 plugins.
Preloading 0 native plugins for Editor in 0.00 ms.
Mono: successfully reloaded assembly
- Completed reload, in  3.272 seconds
Domain Reload Profiling:
	ReloadAssembly (3272ms)
		BeginReloadAssembly (119ms)
			ExecutionOrderSort (0ms)
			DisableScriptedObjects (0ms)
			BackupInstance (0ms)
			ReleaseScriptingObjects (0ms)
			CreateAndSetChildDomain (2ms)
		EndReloadAssembly (779ms)
			LoadAssemblies (113ms)
			RebuildTransferFunctionScriptingTraits (0ms)
			SetupTypeCache (254ms)
			ReleaseScriptCaches (0ms)
			RebuildScriptCaches (39ms)
			SetupLoadedEditorAssemblies (405ms)
				LogAssemblyErrors (0ms)
				InitializePlatformSupportModulesInManaged (8ms)
				SetLoadedEditorAssemblies (0ms)
				RefreshPlugins (206ms)
				BeforeProcessingInitializeOnLoad (2ms)
				ProcessInitializeOnLoadAttributes (146ms)
				ProcessInitializeOnLoadMethodAttributes (42ms)
				AfterProcessingInitializeOnLoad (0ms)
				EditorAssembliesLoaded (0ms)
			ExecutionOrderSort2 (0ms)
			AwakeInstancesAfterBackupRestoration (0ms)
Platform modules already initialized, skipping
Registering precompiled user dll's ...
Registered in 0.013657 seconds.
Begin MonoManager ReloadAssembly
Native extension for WindowsStandalone target not found
Refreshing native plugins compatible for Editor in 205.12 ms, found 3 plugins.
Preloading 0 native plugins for Editor in 0.00 ms.
Mono: successfully reloaded assembly
- Completed reload, in  3.758 seconds
Domain Reload Profiling:
	ReloadAssembly (3759ms)
		BeginReloadAssembly (232ms)
			ExecutionOrderSort (0ms)
			DisableScriptedObjects (9ms)
			BackupInstance (0ms)
			ReleaseScriptingObjects (0ms)
			CreateAndSetChildDomain (31ms)
		EndReloadAssembly (3417ms)
			LoadAssemblies (203ms)
			RebuildTransferFunctionScriptingTraits (0ms)
			SetupTypeCache (590ms)
			ReleaseScriptCaches (1ms)
			RebuildScriptCaches (94ms)
			SetupLoadedEditorAssemblies (2374ms)
				LogAssemblyErrors (0ms)
				InitializePlatformSupportModulesInManaged (7ms)
				SetLoadedEditorAssemblies (0ms)
				RefreshPlugins (205ms)
				BeforeProcessingInitializeOnLoad (157ms)
				ProcessInitializeOnLoadAttributes (1967ms)
				ProcessInitializeOnLoadMethodAttributes (21ms)
				AfterProcessingInitializeOnLoad (16ms)
				EditorAssembliesLoaded (1ms)
			ExecutionOrderSort2 (0ms)
			AwakeInstancesAfterBackupRestoration (10ms)
Platform modules already initialized, skipping
========================================================================
Worker process is ready to serve import requests
Launched and connected shader compiler UnityShaderCompiler.exe after 0.08 seconds
Refreshing native plugins compatible for Editor in 1.35 ms, found 3 plugins.
Preloading 0 native plugins for Editor in 0.00 ms.
Unloading 5072 Unused Serialized files (Serialized files now loaded: 0)
System memory in use before: 311.9 MB.
System memory in use after: 312.0 MB.

Unloading 40 unused Assets to reduce memory usage. Loaded Objects now: 5564.
Total: 5.016200 ms (FindLiveObjects: 0.530300 ms CreateObjectMapping: 0.185300 ms MarkObjects: 3.878600 ms  DeleteObjects: 0.420300 ms)

AssetImportParameters requested are different than current active one (requested -> active):
  custom:framework-win-MediaFoundation: 216162199b28c13a410421893ffa2e32 -> 
  custom:video-decoder-ogg-theora: a1e56fd34408186e4bbccfd4996cb3dc -> 
  custom:container-muxer-webm: aa71ff27fc2769a1b78a27578f13a17b -> 
  custom:container-demuxer-webm: 4f35f7cbe854078d1ac9338744f61a02 -> 
  custom:container-demuxer-ogg: 62fdf1f143b41e24485cea50d1cbac27 -> 
  custom:video-encoder-webm-vp8: eb34c28f22e8b96e1ab97ce403110664 -> 
  custom:video-decoder-webm-vp8: 9c59270c3fd7afecdb556c50c9e8de78 -> 
  custom:audio-decoder-ogg-vorbis: bf7c407c2cedff20999df2af8eb42d56 -> 
  custom:audio-encoder-webm-vorbis: bf7c407c2cedff20999df2af8eb42d56 -> 
========================================================================
Received Import Request.
  path: Assets/UniversalRenderPipelineAsset_Renderer.asset
  artifactKey: Guid(047d5e30c44c3f049aa395be665d20dc) Importer(815301076,1909f56bfc062723c751e8b465ee728b)
Start importing Assets/UniversalRenderPipelineAsset_Renderer.asset using Guid(047d5e30c44c3f049aa395be665d20dc) Importer(815301076,1909f56bfc062723c751e8b465ee728b)  -> (artifact id: '69b9f27ffeaf72781f0c083a50827458') in 0.056238 seconds 
========================================================================
Received Import Request.
  Time since last request: 0.000307 seconds.
  path: Assets/UniversalRenderPipelineAsset.asset
  artifactKey: Guid(4e384a94240f61d46a0736239de31b98) Importer(815301076,1909f56bfc062723c751e8b465ee728b)
Start importing Assets/UniversalRenderPipelineAsset.asset using Guid(4e384a94240f61d46a0736239de31b98) Importer(815301076,1909f56bfc062723c751e8b465ee728b)  -> (artifact id: 'a974149c222505a9b4914da2c269adf6') in 0.013814 seconds 
========================================================================
Received Import Request.
  Time since last request: 815.252400 seconds.
  path: Assets/Resources/Viking Village/Models/Buildings/build_blacksmith_01.fbx
  artifactKey: Guid(5c92accc78ab0da41886eefa8a4d2e0a) Importer(815301076,1909f56bfc062723c751e8b465ee728b)
Start importing Assets/Resources/Viking Village/Models/Buildings/build_blacksmith_01.fbx using Guid(5c92accc78ab0da41886eefa8a4d2e0a) Importer(815301076,1909f56bfc062723c751e8b465ee728b)  -> (artifact id: 'bd1194e0f764deefe3053596f7b071df') in 1.085108 seconds 
========================================================================
Received Import Request.
  Time since last request: 0.000675 seconds.
  path: Assets/Resources/Viking Village/Models/Buildings/build_small_house_tall_roof_01_low.FBX
  artifactKey: Guid(fb9d88ec2b38245b0a859a47881409b1) Importer(815301076,1909f56bfc062723c751e8b465ee728b)
Start importing Assets/Resources/Viking Village/Models/Buildings/build_small_house_tall_roof_01_low.FBX using Guid(fb9d88ec2b38245b0a859a47881409b1) Importer(815301076,1909f56bfc062723c751e8b465ee728b)  -> (artifact id: 'c18aed84f25df60830c4099e382ed812') in 0.061333 seconds 
========================================================================
Received Import Request.
  Time since last request: 0.000381 seconds.
  path: Assets/Resources/Viking Village/Models/Buildings/build_storage_01_low.fbx
  artifactKey: Guid(62a2b4a92145d4d11896f8e64e447f72) Importer(815301076,1909f56bfc062723c751e8b465ee728b)
Start importing Assets/Resources/Viking Village/Models/Buildings/build_storage_01_low.fbx using Guid(62a2b4a92145d4d11896f8e64e447f72) Importer(815301076,1909f56bfc062723c751e8b465ee728b)  -> (artifact id: '1b2cc8c93e6e8241a54bfb06585ace62') in 0.045422 seconds 
========================================================================
Received Import Request.
  Time since last request: 0.000566 seconds.
  path: Assets/Resources/Viking Village/Models/Buildings/build_small_house_straw_roof_01.FBX
  artifactKey: Guid(d2504d68eaca7e141a7898d1a61bf0c8) Importer(815301076,1909f56bfc062723c751e8b465ee728b)
Start importing Assets/Resources/Viking Village/Models/Buildings/build_small_house_straw_roof_01.FBX using Guid(d2504d68eaca7e141a7898d1a61bf0c8) Importer(815301076,1909f56bfc062723c751e8b465ee728b)  -> (artifact id: 'b8b095714a1cb64cda775a26db084962') in 0.041171 seconds 
========================================================================
Received Import Request.
  Time since last request: 0.000454 seconds.
  path: Assets/Resources/Viking Village/Models/Buildings/build_wall_corner_01.FBX
  artifactKey: Guid(8d46c072a5a2cd44ab840d79cc1acc46) Importer(815301076,1909f56bfc062723c751e8b465ee728b)
Start importing Assets/Resources/Viking Village/Models/Buildings/build_wall_corner_01.FBX using Guid(8d46c072a5a2cd44ab840d79cc1acc46) Importer(815301076,1909f56bfc062723c751e8b465ee728b)  -> (artifact id: 'ba5a2bb3225a74307b820b4438f2f266') in 0.048067 seconds 
========================================================================
Received Import Request.
  Time since last request: 0.000558 seconds.
  path: Assets/Resources/Viking Village/Models/Buildings/build_small_house_01_low.FBX
  artifactKey: Guid(20cb53a605cd94f88add74275f807adf) Importer(815301076,1909f56bfc062723c751e8b465ee728b)
Start importing Assets/Resources/Viking Village/Models/Buildings/build_small_house_01_low.FBX using Guid(20cb53a605cd94f88add74275f807adf) Importer(815301076,1909f56bfc062723c751e8b465ee728b)  -> (artifact id: 'e84559c799408697bad7359e12c1e07a') in 0.043605 seconds 
========================================================================
Received Import Request.
  Time since last request: 0.000613 seconds.
  path: Assets/Resources/Viking Village/Models/Buildings/build_wall_panel_01.FBX
  artifactKey: Guid(8f846af047fb875419e8afacc6cedb5f) Importer(815301076,1909f56bfc062723c751e8b465ee728b)
Start importing Assets/Resources/Viking Village/Models/Buildings/build_wall_panel_01.FBX using Guid(8f846af047fb875419e8afacc6cedb5f) Importer(815301076,1909f56bfc062723c751e8b465ee728b)  -> (artifact id: '426eb29bb99678f12f4d514a4ec6ed3b') in 0.050621 seconds 
========================================================================
Received Import Request.
  Time since last request: 0.000619 seconds.
  path: Assets/Resources/Viking Village/Models/Buildings/build_blacksmith_01_low.fbx
  artifactKey: Guid(f8a5ae50a856845ddbddf45c1c976e33) Importer(815301076,1909f56bfc062723c751e8b465ee728b)
Start importing Assets/Resources/Viking Village/Models/Buildings/build_blacksmith_01_low.fbx using Guid(f8a5ae50a856845ddbddf45c1c976e33) Importer(815301076,1909f56bfc062723c751e8b465ee728b)  -> (artifact id: 'ebd41c12927931e3149c276d4f037504') in 0.200240 seconds 
========================================================================
Received Import Request.
  Time since last request: 0.000846 seconds.
  path: Assets/Resources/Viking Village/Models/Buildings/build_crane_01.FBX
  artifactKey: Guid(54cd1763354db5748bb75129f961734c) Importer(815301076,1909f56bfc062723c751e8b465ee728b)
Start importing Assets/Resources/Viking Village/Models/Buildings/build_crane_01.FBX using Guid(54cd1763354db5748bb75129f961734c) Importer(815301076,1909f56bfc062723c751e8b465ee728b)  -> (artifact id: '4910ac78fa17488083532619eeda183f') in 0.230523 seconds 
========================================================================
Received Import Request.
  Time since last request: 0.000448 seconds.
  path: Assets/Resources/Viking Village/Models/Buildings/build_dragonhead_01.fbx
  artifactKey: Guid(66ec384a846e549a09d5fa5c9f6f2e62) Importer(815301076,1909f56bfc062723c751e8b465ee728b)
Start importing Assets/Resources/Viking Village/Models/Buildings/build_dragonhead_01.fbx using Guid(66ec384a846e549a09d5fa5c9f6f2e62) Importer(815301076,1909f56bfc062723c751e8b465ee728b)  -> (artifact id: '4d2a365fe69cffe2a472cc5437972183') in 0.259121 seconds 
========================================================================
Received Import Request.
  Time since last request: 0.000504 seconds.
  path: Assets/Resources/Viking Village/Models/Buildings/build_small_house_01.FBX
  artifactKey: Guid(1b7f2a5ef2bfc644889e208955107676) Importer(815301076,1909f56bfc062723c751e8b465ee728b)
Start importing Assets/Resources/Viking Village/Models/Buildings/build_small_house_01.FBX using Guid(1b7f2a5ef2bfc644889e208955107676) Importer(815301076,1909f56bfc062723c751e8b465ee728b)  -> (artifact id: 'e9e7ba636b1ec2f55bd5155f16702ede') in 0.059602 seconds 
========================================================================
Received Import Request.
  Time since last request: 0.000480 seconds.
  path: Assets/Resources/Viking Village/Models/Buildings/build_tower_01.FBX
  artifactKey: Guid(1eb5989802803ad45b51184df8643cbe) Importer(815301076,1909f56bfc062723c751e8b465ee728b)
Start importing Assets/Resources/Viking Village/Models/Buildings/build_tower_01.FBX using Guid(1eb5989802803ad45b51184df8643cbe) Importer(815301076,1909f56bfc062723c751e8b465ee728b)  -> (artifact id: '4c8d8a2cee5544316359f00397957897') in 0.054825 seconds 
========================================================================
Received Import Request.
  Time since last request: 0.000311 seconds.
  path: Assets/Resources/Viking Village/Models/Buildings/build_small_house_straw_roof_01_low.FBX
  artifactKey: Guid(da46e354d001040d5b30e76b84bfe83f) Importer(815301076,1909f56bfc062723c751e8b465ee728b)
Start importing Assets/Resources/Viking Village/Models/Buildings/build_small_house_straw_roof_01_low.FBX using Guid(da46e354d001040d5b30e76b84bfe83f) Importer(815301076,1909f56bfc062723c751e8b465ee728b)  -> (artifact id: '2bca0b5f194c749e4cbfe7c9021a08b7') in 0.056057 seconds 
========================================================================
Received Import Request.
  Time since last request: 0.000545 seconds.
  path: Assets/Resources/Viking Village/Models/Buildings/build_wall_panel_01_low.FBX
  artifactKey: Guid(7512d239bb1644561981cae013bc12d6) Importer(815301076,1909f56bfc062723c751e8b465ee728b)
Start importing Assets/Resources/Viking Village/Models/Buildings/build_wall_panel_01_low.FBX using Guid(7512d239bb1644561981cae013bc12d6) Importer(815301076,1909f56bfc062723c751e8b465ee728b)  -> (artifact id: '3afb45d76ae4859ed0b3ba4a561730e2') in 0.047839 seconds 
========================================================================
Received Import Request.
  Time since last request: 0.000320 seconds.
  path: Assets/Resources/Viking Village/Models/Buildings/build_gate_01.fbx
  artifactKey: Guid(5f643dd3063229e4380c16656cb6cb25) Importer(815301076,1909f56bfc062723c751e8b465ee728b)
Start importing Assets/Resources/Viking Village/Models/Buildings/build_gate_01.fbx using Guid(5f643dd3063229e4380c16656cb6cb25) Importer(815301076,1909f56bfc062723c751e8b465ee728b)  -> (artifact id: '3acdec2b2ce9dfa2af62c24f40143d0c') in 0.045767 seconds 
========================================================================
Received Import Request.
  Time since last request: 0.000402 seconds.
  path: Assets/Resources/Viking Village/Models/Buildings/build_small_house_tall_roof_01.FBX
  artifactKey: Guid(67a47adc57ef94348bd6354ed310f779) Importer(815301076,1909f56bfc062723c751e8b465ee728b)
Start importing Assets/Resources/Viking Village/Models/Buildings/build_small_house_tall_roof_01.FBX using Guid(67a47adc57ef94348bd6354ed310f779) Importer(815301076,1909f56bfc062723c751e8b465ee728b)  -> (artifact id: 'b1e0d00d92c88be0a1e637a0808d7768') in 0.119984 seconds 
========================================================================
Received Import Request.
  Time since last request: 0.000422 seconds.
  path: Assets/Resources/Viking Village/Models/Buildings/build_boat_01.FBX
  artifactKey: Guid(c0e3cc442127dbd49821a91bcca81459) Importer(815301076,1909f56bfc062723c751e8b465ee728b)
Start importing Assets/Resources/Viking Village/Models/Buildings/build_boat_01.FBX using Guid(c0e3cc442127dbd49821a91bcca81459) Importer(815301076,1909f56bfc062723c751e8b465ee728b)  -> (artifact id: '63e3d9c21111489e0e078f15ea7ea299') in 0.292795 seconds 
========================================================================
Received Import Request.
  Time since last request: 0.000583 seconds.
  path: Assets/Resources/Viking Village/Models/Buildings/build_boat_01_low.FBX
  artifactKey: Guid(667cb25aa82724e06beab05368c07b11) Importer(815301076,1909f56bfc062723c751e8b465ee728b)
Start importing Assets/Resources/Viking Village/Models/Buildings/build_boat_01_low.FBX using Guid(667cb25aa82724e06beab05368c07b11) Importer(815301076,1909f56bfc062723c751e8b465ee728b)  -> (artifact id: '2d0c82d1705d088771c464e0b9937bd8') in 0.333029 seconds 
========================================================================
Received Import Request.
  Time since last request: 0.000591 seconds.
  path: Assets/Resources/Viking Village/Models/Buildings/build_wall_corner_01_low.FBX
  artifactKey: Guid(02c34205b79534abdaa3b88a6e755421) Importer(815301076,1909f56bfc062723c751e8b465ee728b)
Start importing Assets/Resources/Viking Village/Models/Buildings/build_wall_corner_01_low.FBX using Guid(02c34205b79534abdaa3b88a6e755421) Importer(815301076,1909f56bfc062723c751e8b465ee728b)  -> (artifact id: '34821fef32996826be29a0fd58a2a942') in 0.050002 seconds 
========================================================================
Received Import Request.
  Time since last request: 0.000551 seconds.
  path: Assets/Resources/Viking Village/Models/Buildings/build_storage_01.fbx
  artifactKey: Guid(f8c9aca3d7c24374092cfe8d85f4ba7a) Importer(815301076,1909f56bfc062723c751e8b465ee728b)
Start importing Assets/Resources/Viking Village/Models/Buildings/build_storage_01.fbx using Guid(f8c9aca3d7c24374092cfe8d85f4ba7a) Importer(815301076,1909f56bfc062723c751e8b465ee728b)  -> (artifact id: '631fd7f13a0061d7971ef7e6b4c5511d') in 0.057850 seconds 
========================================================================
Received Import Request.
  Time since last request: 1.332656 seconds.
  path: Assets/Resources/Viking Village/Models/Buildings/build_barracks_01.fbx
  artifactKey: Guid(fcdfed3146ad63b4e95278d7959d5317) Importer(815301076,1909f56bfc062723c751e8b465ee728b)
Start importing Assets/Resources/Viking Village/Models/Buildings/build_barracks_01.fbx using Guid(fcdfed3146ad63b4e95278d7959d5317) Importer(815301076,1909f56bfc062723c751e8b465ee728b)  -> (artifact id: '6537ad265f960bfcaaa03185a8846ff4') in 0.159369 seconds 
========================================================================
Received Import Request.
  Time since last request: 0.000354 seconds.
  path: Assets/Resources/Viking Village/Models/Buildings/build_bighouse_02.FBX
  artifactKey: Guid(2ccd6dd4f39d8764b975081e71ad95c0) Importer(815301076,1909f56bfc062723c751e8b465ee728b)
Start importing Assets/Resources/Viking Village/Models/Buildings/build_bighouse_02.FBX using Guid(2ccd6dd4f39d8764b975081e71ad95c0) Importer(815301076,1909f56bfc062723c751e8b465ee728b)  -> (artifact id: '1a9db982b04b9386be7f0ca021ae8466') in 0.038178 seconds 
========================================================================
Received Import Request.
  Time since last request: 0.000521 seconds.
  path: Assets/Resources/Viking Village/Models/Buildings/build_bighouse_02_low.FBX
  artifactKey: Guid(a6793d0fb2a9c4804b82c8755967ad9e) Importer(815301076,1909f56bfc062723c751e8b465ee728b)
Start importing Assets/Resources/Viking Village/Models/Buildings/build_bighouse_02_low.FBX using Guid(a6793d0fb2a9c4804b82c8755967ad9e) Importer(815301076,1909f56bfc062723c751e8b465ee728b)  -> (artifact id: '12c8508493280726c8d651376001bcc6') in 0.037208 seconds 
========================================================================
Received Import Request.
  Time since last request: 0.000409 seconds.
  path: Assets/Resources/Viking Village/Models/Buildings/build_big_storage_01.fbx
  artifactKey: Guid(ae04583bfa7e89144b9b5c7c76a54cdf) Importer(815301076,1909f56bfc062723c751e8b465ee728b)
Start importing Assets/Resources/Viking Village/Models/Buildings/build_big_storage_01.fbx using Guid(ae04583bfa7e89144b9b5c7c76a54cdf) Importer(815301076,1909f56bfc062723c751e8b465ee728b)  -> (artifact id: 'dfb2b088e074056e5ff43518bee069de') in 0.285819 seconds 
========================================================================
Received Import Request.
  Time since last request: 0.000475 seconds.
  path: Assets/Resources/Viking Village/Models/Buildings/build_barracks_single_01.fbx
  artifactKey: Guid(d3f6bd8686fd5e546964fa0f307f09f9) Importer(815301076,1909f56bfc062723c751e8b465ee728b)
Start importing Assets/Resources/Viking Village/Models/Buildings/build_barracks_single_01.fbx using Guid(d3f6bd8686fd5e546964fa0f307f09f9) Importer(815301076,1909f56bfc062723c751e8b465ee728b)  -> (artifact id: '5237ea5721268e91ada82fe12ee2f475') in 0.226863 seconds 
========================================================================
Received Import Request.
  Time since last request: 0.000485 seconds.
  path: Assets/Resources/Viking Village/Models/Buildings/build_barracks_01_low.fbx
  artifactKey: Guid(55e0b1c012b4f40dca24d41050a1e36a) Importer(815301076,1909f56bfc062723c751e8b465ee728b)
Start importing Assets/Resources/Viking Village/Models/Buildings/build_barracks_01_low.fbx using Guid(55e0b1c012b4f40dca24d41050a1e36a) Importer(815301076,1909f56bfc062723c751e8b465ee728b)  -> (artifact id: '2997547228374794a0286da19f7ffe40') in 0.054402 seconds 
========================================================================
Received Import Request.
  Time since last request: 0.000508 seconds.
  path: Assets/Resources/Viking Village/Models/Buildings/build_big_storage_01_low.fbx
  artifactKey: Guid(63692c1ba38b74b9299ef1258a8d4451) Importer(815301076,1909f56bfc062723c751e8b465ee728b)
Start importing Assets/Resources/Viking Village/Models/Buildings/build_big_storage_01_low.fbx using Guid(63692c1ba38b74b9299ef1258a8d4451) Importer(815301076,1909f56bfc062723c751e8b465ee728b)  -> (artifact id: '4d2ef8e7472ccf77dbd988791a922e38') in 0.201847 seconds 
========================================================================
Received Import Request.
  Time since last request: 0.000651 seconds.
  path: Assets/Resources/Viking Village/Models/Buildings/build_barracks_single_01_low.fbx
  artifactKey: Guid(873f42b3eb42e45dd9507b7160c16f91) Importer(815301076,1909f56bfc062723c751e8b465ee728b)
Start importing Assets/Resources/Viking Village/Models/Buildings/build_barracks_single_01_low.fbx using Guid(873f42b3eb42e45dd9507b7160c16f91) Importer(815301076,1909f56bfc062723c751e8b465ee728b)  -> (artifact id: '34de8ab35411de6ec371f90b668f68a7') in 0.060593 seconds 
========================================================================
Received Import Request.
  Time since last request: 0.000399 seconds.
  path: Assets/Resources/Viking Village/Models/Buildings/build_bighouse_01.fbx
  artifactKey: Guid(c3296d0d1865964468574f415b0b983e) Importer(815301076,1909f56bfc062723c751e8b465ee728b)
Start importing Assets/Resources/Viking Village/Models/Buildings/build_bighouse_01.fbx using Guid(c3296d0d1865964468574f415b0b983e) Importer(815301076,1909f56bfc062723c751e8b465ee728b)  -> (artifact id: '6cbaaaae25af9cc0e38fe5167af1256f') in 0.049758 seconds 
========================================================================
Received Import Request.
  Time since last request: 0.000623 seconds.
  path: Assets/Resources/Viking Village/Models/Buildings/build_bighouse_01_low.fbx
  artifactKey: Guid(042d8e74e11e4453d952128753c7f166) Importer(815301076,1909f56bfc062723c751e8b465ee728b)
Start importing Assets/Resources/Viking Village/Models/Buildings/build_bighouse_01_low.fbx using Guid(042d8e74e11e4453d952128753c7f166) Importer(815301076,1909f56bfc062723c751e8b465ee728b)  -> (artifact id: '64bd6bb52c1f64f32a35b46dc3019688') in 0.042316 seconds 
========================================================================
Received Import Request.
  Time since last request: 6.699086 seconds.
  path: Assets/Scripts
  artifactKey: Guid(703e2b1714b9519488179059beeee454) Importer(815301076,1909f56bfc062723c751e8b465ee728b)
Start importing Assets/Scripts using Guid(703e2b1714b9519488179059beeee454) Importer(815301076,1909f56bfc062723c751e8b465ee728b)  -> (artifact id: 'be42f3f7c64581afdeac225a6c08f1c9') in 0.015722 seconds 
========================================================================
Received Import Request.
  Time since last request: 1.991389 seconds.
  path: Assets/Scripts/Stats
  artifactKey: Guid(b7ede7e38a2e6a34eb029ac7599cfe37) Importer(815301076,1909f56bfc062723c751e8b465ee728b)
Start importing Assets/Scripts/Stats using Guid(b7ede7e38a2e6a34eb029ac7599cfe37) Importer(815301076,1909f56bfc062723c751e8b465ee728b)  -> (artifact id: 'f06f7e3535c66f149c909732e3cfdf38') in 0.017577 seconds 
========================================================================
Received Import Request.
  Time since last request: 2.723141 seconds.
  path: Assets/Scripts/Stats/IModifierProvider.cs
  artifactKey: Guid(016ae93860ac5f84eb74e4e083336977) Importer(815301076,1909f56bfc062723c751e8b465ee728b)
Start importing Assets/Scripts/Stats/IModifierProvider.cs using Guid(016ae93860ac5f84eb74e4e083336977) Importer(815301076,1909f56bfc062723c751e8b465ee728b)  -> (artifact id: '7ccb578ce33aea6553aeebf0fc622477') in 0.027094 seconds 
========================================================================
Received Import Request.
  Time since last request: 9.913412 seconds.
  path: Assets/Scripts/Stats/ExperienceDisplay.cs
  artifactKey: Guid(bf6dd22d5fe3d664883d5e932c84053b) Importer(815301076,1909f56bfc062723c751e8b465ee728b)
Start importing Assets/Scripts/Stats/ExperienceDisplay.cs using Guid(bf6dd22d5fe3d664883d5e932c84053b) Importer(815301076,1909f56bfc062723c751e8b465ee728b)  -> (artifact id: '0ad27ef3983e9a7ad34aab9effcb2f8a') in 0.017748 seconds 
========================================================================
Received Prepare
Registering precompiled user dll's ...
Registered in 0.014559 seconds.
Begin MonoManager ReloadAssembly
Native extension for WindowsStandalone target not found
Refreshing native plugins compatible for Editor in 3.74 ms, found 3 plugins.
Preloading 0 native plugins for Editor in 0.00 ms.
Mono: successfully reloaded assembly
- Completed reload, in  2.852 seconds
Domain Reload Profiling:
	ReloadAssembly (2852ms)
		BeginReloadAssembly (245ms)
			ExecutionOrderSort (0ms)
			DisableScriptedObjects (11ms)
			BackupInstance (0ms)
			ReleaseScriptingObjects (0ms)
			CreateAndSetChildDomain (77ms)
		EndReloadAssembly (2496ms)
			LoadAssemblies (169ms)
			RebuildTransferFunctionScriptingTraits (0ms)
			SetupTypeCache (593ms)
			ReleaseScriptCaches (3ms)
			RebuildScriptCaches (74ms)
			SetupLoadedEditorAssemblies (1387ms)
				LogAssemblyErrors (0ms)
				InitializePlatformSupportModulesInManaged (7ms)
				SetLoadedEditorAssemblies (1ms)
				RefreshPlugins (4ms)
				BeforeProcessingInitializeOnLoad (147ms)
				ProcessInitializeOnLoadAttributes (1194ms)
				ProcessInitializeOnLoadMethodAttributes (16ms)
				AfterProcessingInitializeOnLoad (18ms)
				EditorAssembliesLoaded (0ms)
			ExecutionOrderSort2 (0ms)
			AwakeInstancesAfterBackupRestoration (66ms)
Platform modules already initialized, skipping
Refreshing native plugins compatible for Editor in 1.35 ms, found 3 plugins.
Preloading 0 native plugins for Editor in 0.00 ms.
Unloading 4862 Unused Serialized files (Serialized files now loaded: 0)
System memory in use before: 301.7 MB.
System memory in use after: 301.9 MB.

Unloading 21 unused Assets to reduce memory usage. Loaded Objects now: 5620.
Total: 6.855500 ms (FindLiveObjects: 0.729400 ms CreateObjectMapping: 0.332800 ms MarkObjects: 5.405000 ms  DeleteObjects: 0.386000 ms)

AssetImportParameters requested are different than current active one (requested -> active):
  custom:framework-win-MediaFoundation: 216162199b28c13a410421893ffa2e32 -> 
  custom:video-decoder-ogg-theora: a1e56fd34408186e4bbccfd4996cb3dc -> 
  custom:container-muxer-webm: aa71ff27fc2769a1b78a27578f13a17b -> 
  custom:container-demuxer-webm: 4f35f7cbe854078d1ac9338744f61a02 -> 
  custom:container-demuxer-ogg: 62fdf1f143b41e24485cea50d1cbac27 -> 
  custom:video-encoder-webm-vp8: eb34c28f22e8b96e1ab97ce403110664 -> 
  custom:video-decoder-webm-vp8: 9c59270c3fd7afecdb556c50c9e8de78 -> 
  custom:audio-decoder-ogg-vorbis: bf7c407c2cedff20999df2af8eb42d56 -> 
  custom:audio-encoder-webm-vorbis: bf7c407c2cedff20999df2af8eb42d56 -> 
========================================================================
Received Prepare
Registering precompiled user dll's ...
Registered in 0.015859 seconds.
Begin MonoManager ReloadAssembly
Native extension for WindowsStandalone target not found
Refreshing native plugins compatible for Editor in 2.07 ms, found 3 plugins.
Preloading 0 native plugins for Editor in 0.00 ms.
Mono: successfully reloaded assembly
- Completed reload, in  3.138 seconds
Domain Reload Profiling:
	ReloadAssembly (3139ms)
		BeginReloadAssembly (216ms)
			ExecutionOrderSort (0ms)
			DisableScriptedObjects (9ms)
			BackupInstance (0ms)
			ReleaseScriptingObjects (0ms)
			CreateAndSetChildDomain (68ms)
		EndReloadAssembly (2810ms)
			LoadAssemblies (174ms)
			RebuildTransferFunctionScriptingTraits (0ms)
			SetupTypeCache (615ms)
			ReleaseScriptCaches (3ms)
			RebuildScriptCaches (82ms)
			SetupLoadedEditorAssemblies (1701ms)
				LogAssemblyErrors (0ms)
				InitializePlatformSupportModulesInManaged (9ms)
				SetLoadedEditorAssemblies (1ms)
				RefreshPlugins (2ms)
				BeforeProcessingInitializeOnLoad (149ms)
				ProcessInitializeOnLoadAttributes (1500ms)
				ProcessInitializeOnLoadMethodAttributes (18ms)
				AfterProcessingInitializeOnLoad (20ms)
				EditorAssembliesLoaded (1ms)
			ExecutionOrderSort2 (0ms)
			AwakeInstancesAfterBackupRestoration (36ms)
Platform modules already initialized, skipping
Refreshing native plugins compatible for Editor in 2.62 ms, found 3 plugins.
Preloading 0 native plugins for Editor in 0.00 ms.
Unloading 4862 Unused Serialized files (Serialized files now loaded: 0)
System memory in use before: 301.9 MB.
System memory in use after: 302.0 MB.

Unloading 21 unused Assets to reduce memory usage. Loaded Objects now: 5622.
Total: 10.034700 ms (FindLiveObjects: 1.335500 ms CreateObjectMapping: 1.537100 ms MarkObjects: 6.623100 ms  DeleteObjects: 0.536200 ms)

AssetImportParameters requested are different than current active one (requested -> active):
  custom:framework-win-MediaFoundation: 216162199b28c13a410421893ffa2e32 -> 
  custom:video-decoder-ogg-theora: a1e56fd34408186e4bbccfd4996cb3dc -> 
  custom:container-muxer-webm: aa71ff27fc2769a1b78a27578f13a17b -> 
  custom:container-demuxer-webm: 4f35f7cbe854078d1ac9338744f61a02 -> 
  custom:container-demuxer-ogg: 62fdf1f143b41e24485cea50d1cbac27 -> 
  custom:video-encoder-webm-vp8: eb34c28f22e8b96e1ab97ce403110664 -> 
  custom:video-decoder-webm-vp8: 9c59270c3fd7afecdb556c50c9e8de78 -> 
  custom:audio-decoder-ogg-vorbis: bf7c407c2cedff20999df2af8eb42d56 -> 
  custom:audio-encoder-webm-vorbis: bf7c407c2cedff20999df2af8eb42d56 -> 
========================================================================
Received Prepare
Registering precompiled user dll's ...
Registered in 0.020852 seconds.
Begin MonoManager ReloadAssembly
Native extension for WindowsStandalone target not found
Refreshing native plugins compatible for Editor in 3.55 ms, found 3 plugins.
Preloading 0 native plugins for Editor in 0.00 ms.
Mono: successfully reloaded assembly
- Completed reload, in  3.828 seconds
Domain Reload Profiling:
	ReloadAssembly (3829ms)
		BeginReloadAssembly (286ms)
			ExecutionOrderSort (0ms)
			DisableScriptedObjects (13ms)
			BackupInstance (0ms)
			ReleaseScriptingObjects (0ms)
			CreateAndSetChildDomain (114ms)
		EndReloadAssembly (3394ms)
			LoadAssemblies (242ms)
			RebuildTransferFunctionScriptingTraits (0ms)
			SetupTypeCache (873ms)
			ReleaseScriptCaches (4ms)
			RebuildScriptCaches (123ms)
			SetupLoadedEditorAssemblies (1819ms)
				LogAssemblyErrors (0ms)
				InitializePlatformSupportModulesInManaged (10ms)
				SetLoadedEditorAssemblies (1ms)
				RefreshPlugins (4ms)
				BeforeProcessingInitializeOnLoad (193ms)
				ProcessInitializeOnLoadAttributes (1569ms)
				ProcessInitializeOnLoadMethodAttributes (22ms)
				AfterProcessingInitializeOnLoad (19ms)
				EditorAssembliesLoaded (1ms)
			ExecutionOrderSort2 (0ms)
			AwakeInstancesAfterBackupRestoration (40ms)
Platform modules already initialized, skipping
Refreshing native plugins compatible for Editor in 2.65 ms, found 3 plugins.
Preloading 0 native plugins for Editor in 0.00 ms.
Unloading 4862 Unused Serialized files (Serialized files now loaded: 0)
System memory in use before: 301.8 MB.
System memory in use after: 302.0 MB.

Unloading 21 unused Assets to reduce memory usage. Loaded Objects now: 5624.
Total: 9.388500 ms (FindLiveObjects: 1.128100 ms CreateObjectMapping: 1.326400 ms MarkObjects: 6.505900 ms  DeleteObjects: 0.425300 ms)

AssetImportParameters requested are different than current active one (requested -> active):
  custom:framework-win-MediaFoundation: 216162199b28c13a410421893ffa2e32 -> 
  custom:video-decoder-ogg-theora: a1e56fd34408186e4bbccfd4996cb3dc -> 
  custom:container-muxer-webm: aa71ff27fc2769a1b78a27578f13a17b -> 
  custom:container-demuxer-webm: 4f35f7cbe854078d1ac9338744f61a02 -> 
  custom:container-demuxer-ogg: 62fdf1f143b41e24485cea50d1cbac27 -> 
  custom:video-encoder-webm-vp8: eb34c28f22e8b96e1ab97ce403110664 -> 
  custom:video-decoder-webm-vp8: 9c59270c3fd7afecdb556c50c9e8de78 -> 
  custom:audio-decoder-ogg-vorbis: bf7c407c2cedff20999df2af8eb42d56 -> 
  custom:audio-encoder-webm-vorbis: bf7c407c2cedff20999df2af8eb42d56 -> 
========================================================================
Received Prepare
Registering precompiled user dll's ...
Registered in 0.030750 seconds.
Begin MonoManager ReloadAssembly
Native extension for WindowsStandalone target not found
Refreshing native plugins compatible for Editor in 2.10 ms, found 3 plugins.
Preloading 0 native plugins for Editor in 0.00 ms.
Mono: successfully reloaded assembly
- Completed reload, in  5.318 seconds
Domain Reload Profiling:
	ReloadAssembly (5320ms)
		BeginReloadAssembly (367ms)
			ExecutionOrderSort (0ms)
			DisableScriptedObjects (20ms)
			BackupInstance (0ms)
			ReleaseScriptingObjects (0ms)
			CreateAndSetChildDomain (122ms)
		EndReloadAssembly (4740ms)
			LoadAssemblies (337ms)
			RebuildTransferFunctionScriptingTraits (0ms)
			SetupTypeCache (1203ms)
			ReleaseScriptCaches (4ms)
			RebuildScriptCaches (152ms)
			SetupLoadedEditorAssemblies (2561ms)
				LogAssemblyErrors (0ms)
				InitializePlatformSupportModulesInManaged (15ms)
				SetLoadedEditorAssemblies (1ms)
				RefreshPlugins (2ms)
				BeforeProcessingInitializeOnLoad (271ms)
				ProcessInitializeOnLoadAttributes (2194ms)
				ProcessInitializeOnLoadMethodAttributes (36ms)
				AfterProcessingInitializeOnLoad (40ms)
				EditorAssembliesLoaded (1ms)
			ExecutionOrderSort2 (0ms)
			AwakeInstancesAfterBackupRestoration (68ms)
Platform modules already initialized, skipping
Refreshing native plugins compatible for Editor in 1.34 ms, found 3 plugins.
Preloading 0 native plugins for Editor in 0.00 ms.
Unloading 4862 Unused Serialized files (Serialized files now loaded: 0)
System memory in use before: 301.9 MB.
System memory in use after: 302.0 MB.

Unloading 21 unused Assets to reduce memory usage. Loaded Objects now: 5626.
Total: 5.696800 ms (FindLiveObjects: 0.561100 ms CreateObjectMapping: 0.215400 ms MarkObjects: 4.464000 ms  DeleteObjects: 0.454800 ms)

AssetImportParameters requested are different than current active one (requested -> active):
  custom:framework-win-MediaFoundation: 216162199b28c13a410421893ffa2e32 -> 
  custom:video-decoder-ogg-theora: a1e56fd34408186e4bbccfd4996cb3dc -> 
  custom:container-muxer-webm: aa71ff27fc2769a1b78a27578f13a17b -> 
  custom:container-demuxer-webm: 4f35f7cbe854078d1ac9338744f61a02 -> 
  custom:container-demuxer-ogg: 62fdf1f143b41e24485cea50d1cbac27 -> 
  custom:video-encoder-webm-vp8: eb34c28f22e8b96e1ab97ce403110664 -> 
  custom:video-decoder-webm-vp8: 9c59270c3fd7afecdb556c50c9e8de78 -> 
  custom:audio-decoder-ogg-vorbis: bf7c407c2cedff20999df2af8eb42d56 -> 
  custom:audio-encoder-webm-vorbis: bf7c407c2cedff20999df2af8eb42d56 -> 
AssetImportWorkerClient::OnTransportError - code=2 error=End of file
