Using pre-set license
Built from '2021.1/staging' branch; Version is '2021.1.14f1 (51d2f824827f) revision 5362424'; Using compiler version '192528614'; Build Type 'Release'
OS: 'Windows 10 Home; OS build 19041.1110; Version 2004; 64bit' Language: 'en' Physical Memory: 14283 MB
BatchMode: 1, IsHumanControllingUs: 0, StartBugReporterOnCrash: 0, Is64bit: 1, IsPro: 0

 COMMAND LINE ARGUMENTS:
C:\Program Files\Unity\Hub\Editor\2021.1.14f1\Editor\Unity.exe
-adb2
-batchMode
-noUpm
-name
AssetImportWorker0
-projectPath
C:/Users/30698/Desktop/RPG-Project
-logFile
Logs/AssetImportWorker0.log
-srvPort
55839
Successfully changed project path to: C:/Users/30698/Desktop/RPG-Project
C:/Users/30698/Desktop/RPG-Project
Using Asset Import Pipeline V2.
Refreshing native plugins compatible for Editor in 206.39 ms, found 3 plugins.
Preloading 0 native plugins for Editor in 0.00 ms.
Initialize engine version: 2021.1.14f1 (51d2f824827f)
[Subsystems] Discovering subsystems at path C:/Program Files/Unity/Hub/Editor/2021.1.14f1/Editor/Data/Resources/UnitySubsystems
[Subsystems] Discovering subsystems at path C:/Users/30698/Desktop/RPG-Project/Assets
GfxDevice: creating device client; threaded=0; jobified=0
Direct3D:
    Version:  Direct3D 11.0 [level 11.1]
    Renderer: AMD Radeon(TM) RX Vega 10 Graphics (ID=0x15d8)
    Vendor:   ATI
    VRAM:     7141 MB
    Driver:   27.20.14544.6
Initialize mono
Mono path[0] = 'C:/Program Files/Unity/Hub/Editor/2021.1.14f1/Editor/Data/Managed'
Mono path[1] = 'C:/Program Files/Unity/Hub/Editor/2021.1.14f1/Editor/Data/MonoBleedingEdge/lib/mono/unityjit'
Mono config path = 'C:/Program Files/Unity/Hub/Editor/2021.1.14f1/Editor/Data/MonoBleedingEdge/etc'
Using monoOptions --debugger-agent=transport=dt_socket,embedding=1,server=y,suspend=n,address=127.0.0.1:56388
Begin MonoManager ReloadAssembly
Registering precompiled unity dll's ...
Register platform support module: C:/Program Files/Unity/Hub/Editor/2021.1.14f1/Editor/Data/PlaybackEngines/WindowsStandaloneSupport/UnityEditor.WindowsStandalone.Extensions.dll
Registered in 0.003778 seconds.
Native extension for WindowsStandalone target not found
Refreshing native plugins compatible for Editor in 220.23 ms, found 3 plugins.
Preloading 0 native plugins for Editor in 0.00 ms.
Mono: successfully reloaded assembly
- Completed reload, in  6.060 seconds
Domain Reload Profiling:
	ReloadAssembly (6060ms)
		BeginReloadAssembly (93ms)
			ExecutionOrderSort (0ms)
			DisableScriptedObjects (0ms)
			BackupInstance (0ms)
			ReleaseScriptingObjects (0ms)
			CreateAndSetChildDomain (1ms)
		EndReloadAssembly (790ms)
			LoadAssemblies (89ms)
			RebuildTransferFunctionScriptingTraits (0ms)
			SetupTypeCache (248ms)
			ReleaseScriptCaches (0ms)
			RebuildScriptCaches (42ms)
			SetupLoadedEditorAssemblies (422ms)
				LogAssemblyErrors (0ms)
				InitializePlatformSupportModulesInManaged (8ms)
				SetLoadedEditorAssemblies (0ms)
				RefreshPlugins (220ms)
				BeforeProcessingInitializeOnLoad (2ms)
				ProcessInitializeOnLoadAttributes (145ms)
				ProcessInitializeOnLoadMethodAttributes (47ms)
				AfterProcessingInitializeOnLoad (0ms)
				EditorAssembliesLoaded (0ms)
			ExecutionOrderSort2 (0ms)
			AwakeInstancesAfterBackupRestoration (0ms)
Platform modules already initialized, skipping
Registering precompiled user dll's ...
Registered in 0.016368 seconds.
Begin MonoManager ReloadAssembly
Symbol file LoadedFromMemory doesn't match image C:\Users\30698\Desktop\RPG-Project\Library\PackageCache\com.unity.visualscripting@1.6.1\Editor\VisualScripting.Core\Dependencies\YamlDotNet\Unity.VisualScripting.YamlDotNet.dll
Symbol file LoadedFromMemory doesn't match image C:\Users\30698\Desktop\RPG-Project\Library\PackageCache\com.unity.visualscripting@1.6.1\Editor\VisualScripting.Core\Dependencies\DotNetZip\Unity.VisualScripting.IonicZip.dll
Native extension for WindowsStandalone target not found
Refreshing native plugins compatible for Editor in 231.39 ms, found 3 plugins.
Preloading 0 native plugins for Editor in 0.00 ms.
Mono: successfully reloaded assembly
- Completed reload, in  3.768 seconds
Domain Reload Profiling:
	ReloadAssembly (3769ms)
		BeginReloadAssembly (225ms)
			ExecutionOrderSort (0ms)
			DisableScriptedObjects (6ms)
			BackupInstance (0ms)
			ReleaseScriptingObjects (0ms)
			CreateAndSetChildDomain (29ms)
		EndReloadAssembly (3433ms)
			LoadAssemblies (154ms)
			RebuildTransferFunctionScriptingTraits (0ms)
			SetupTypeCache (610ms)
			ReleaseScriptCaches (1ms)
			RebuildScriptCaches (103ms)
			SetupLoadedEditorAssemblies (2415ms)
				LogAssemblyErrors (0ms)
				InitializePlatformSupportModulesInManaged (5ms)
				SetLoadedEditorAssemblies (0ms)
				RefreshPlugins (232ms)
				BeforeProcessingInitializeOnLoad (180ms)
				ProcessInitializeOnLoadAttributes (1966ms)
				ProcessInitializeOnLoadMethodAttributes (17ms)
				AfterProcessingInitializeOnLoad (13ms)
				EditorAssembliesLoaded (0ms)
			ExecutionOrderSort2 (0ms)
			AwakeInstancesAfterBackupRestoration (12ms)
Platform modules already initialized, skipping
========================================================================
Worker process is ready to serve import requests
Launched and connected shader compiler UnityShaderCompiler.exe after 0.08 seconds
Refreshing native plugins compatible for Editor in 1.67 ms, found 3 plugins.
Preloading 0 native plugins for Editor in 0.00 ms.
Unloading 5069 Unused Serialized files (Serialized files now loaded: 0)
System memory in use before: 314.1 MB.
System memory in use after: 314.0 MB.

Unloading 44 unused Assets to reduce memory usage. Loaded Objects now: 5557.
Total: 7.166100 ms (FindLiveObjects: 0.539200 ms CreateObjectMapping: 0.284300 ms MarkObjects: 5.727000 ms  DeleteObjects: 0.613300 ms)

AssetImportParameters requested are different than current active one (requested -> active):
  custom:framework-win-MediaFoundation: 216162199b28c13a410421893ffa2e32 -> 
  custom:video-decoder-ogg-theora: a1e56fd34408186e4bbccfd4996cb3dc -> 
  custom:container-muxer-webm: aa71ff27fc2769a1b78a27578f13a17b -> 
  custom:container-demuxer-webm: 4f35f7cbe854078d1ac9338744f61a02 -> 
  custom:container-demuxer-ogg: 62fdf1f143b41e24485cea50d1cbac27 -> 
  custom:video-encoder-webm-vp8: eb34c28f22e8b96e1ab97ce403110664 -> 
  custom:video-decoder-webm-vp8: 9c59270c3fd7afecdb556c50c9e8de78 -> 
  custom:audio-decoder-ogg-vorbis: bf7c407c2cedff20999df2af8eb42d56 -> 
  custom:audio-encoder-webm-vorbis: bf7c407c2cedff20999df2af8eb42d56 -> 
========================================================================
Received Import Request.
  path: Assets/Scenes/TownScene/TownScene.unity
  artifactKey: Guid(9fc0d4010bbf28b4594072e72b8655ab) Importer(815301076,1909f56bfc062723c751e8b465ee728b)
Start importing Assets/Scenes/TownScene/TownScene.unity using Guid(9fc0d4010bbf28b4594072e72b8655ab) Importer(815301076,1909f56bfc062723c751e8b465ee728b)  -> (artifact id: '4f85f6fde94ff2938af0bce5fe1d32f5') in 0.026161 seconds 
========================================================================
Received Import Request.
  Time since last request: 246.304345 seconds.
  path: Assets/Prefabs/Characters/Archer.prefab
  artifactKey: Guid(9f0dd99637ac22a49bbf820454862fca) Importer(815301076,1909f56bfc062723c751e8b465ee728b)
Start importing Assets/Prefabs/Characters/Archer.prefab using Guid(9f0dd99637ac22a49bbf820454862fca) Importer(815301076,1909f56bfc062723c751e8b465ee728b)  -> (artifact id: '8d5ddcaab0a768762d94b55bffbe5074') in 0.523470 seconds 
========================================================================
Received Import Request.
  Time since last request: 0.000364 seconds.
  path: Assets/Prefabs/Characters/EnemyTypeB.prefab
  artifactKey: Guid(1d2f678d7a0cb154d88b22909a3a5b21) Importer(815301076,1909f56bfc062723c751e8b465ee728b)
Start importing Assets/Prefabs/Characters/EnemyTypeB.prefab using Guid(1d2f678d7a0cb154d88b22909a3a5b21) Importer(815301076,1909f56bfc062723c751e8b465ee728b)  -> (artifact id: '78223607a9f95a7e2b0d553f0a6e2b50') in 0.167543 seconds 
========================================================================
Received Import Request.
  Time since last request: 0.000589 seconds.
  path: Assets/Prefabs/Characters/Enemy.prefab
  artifactKey: Guid(8b9487fe49cd977479f40337fe62b05d) Importer(815301076,1909f56bfc062723c751e8b465ee728b)
Start importing Assets/Prefabs/Characters/Enemy.prefab using Guid(8b9487fe49cd977479f40337fe62b05d) Importer(815301076,1909f56bfc062723c751e8b465ee728b)  -> (artifact id: '90d54c221468e0554b9a56223ec60844') in 0.180917 seconds 
========================================================================
Received Import Request.
  Time since last request: 0.000380 seconds.
  path: Assets/Prefabs/Characters/Player.prefab
  artifactKey: Guid(17109f930b6568145a128167c3b5f4e3) Importer(815301076,1909f56bfc062723c751e8b465ee728b)
Start importing Assets/Prefabs/Characters/Player.prefab using Guid(17109f930b6568145a128167c3b5f4e3) Importer(815301076,1909f56bfc062723c751e8b465ee728b)  -> (artifact id: '8bea12e7093f9478dd91d4cb903c22df') in 0.172193 seconds 
========================================================================
Received Prepare
Registering precompiled user dll's ...
Registered in 0.014327 seconds.
Begin MonoManager ReloadAssembly
Symbol file LoadedFromMemory doesn't match image C:\Users\30698\Desktop\RPG-Project\Library\PackageCache\com.unity.visualscripting@1.6.1\Editor\VisualScripting.Core\Dependencies\YamlDotNet\Unity.VisualScripting.YamlDotNet.dll
Symbol file LoadedFromMemory doesn't match image C:\Users\30698\Desktop\RPG-Project\Library\PackageCache\com.unity.visualscripting@1.6.1\Editor\VisualScripting.Core\Dependencies\DotNetZip\Unity.VisualScripting.IonicZip.dll
Native extension for WindowsStandalone target not found
Refreshing native plugins compatible for Editor in 1.75 ms, found 3 plugins.
Preloading 0 native plugins for Editor in 0.00 ms.
Mono: successfully reloaded assembly
- Completed reload, in  2.778 seconds
Domain Reload Profiling:
	ReloadAssembly (2778ms)
		BeginReloadAssembly (249ms)
			ExecutionOrderSort (0ms)
			DisableScriptedObjects (11ms)
			BackupInstance (0ms)
			ReleaseScriptingObjects (0ms)
			CreateAndSetChildDomain (84ms)
		EndReloadAssembly (2421ms)
			LoadAssemblies (161ms)
			RebuildTransferFunctionScriptingTraits (0ms)
			SetupTypeCache (636ms)
			ReleaseScriptCaches (3ms)
			RebuildScriptCaches (77ms)
			SetupLoadedEditorAssemblies (1277ms)
				LogAssemblyErrors (0ms)
				InitializePlatformSupportModulesInManaged (21ms)
				SetLoadedEditorAssemblies (1ms)
				RefreshPlugins (2ms)
				BeforeProcessingInitializeOnLoad (135ms)
				ProcessInitializeOnLoadAttributes (1084ms)
				ProcessInitializeOnLoadMethodAttributes (17ms)
				AfterProcessingInitializeOnLoad (17ms)
				EditorAssembliesLoaded (0ms)
			ExecutionOrderSort2 (0ms)
			AwakeInstancesAfterBackupRestoration (59ms)
Platform modules already initialized, skipping
Refreshing native plugins compatible for Editor in 1.89 ms, found 3 plugins.
Preloading 0 native plugins for Editor in 0.00 ms.
Unloading 4863 Unused Serialized files (Serialized files now loaded: 0)
System memory in use before: 304.4 MB.
System memory in use after: 304.3 MB.

Unloading 25 unused Assets to reduce memory usage. Loaded Objects now: 5610.
Total: 9.496700 ms (FindLiveObjects: 0.895600 ms CreateObjectMapping: 0.461100 ms MarkObjects: 7.373000 ms  DeleteObjects: 0.764500 ms)

AssetImportParameters requested are different than current active one (requested -> active):
  custom:framework-win-MediaFoundation: 216162199b28c13a410421893ffa2e32 -> 
  custom:video-decoder-ogg-theora: a1e56fd34408186e4bbccfd4996cb3dc -> 
  custom:container-muxer-webm: aa71ff27fc2769a1b78a27578f13a17b -> 
  custom:container-demuxer-webm: 4f35f7cbe854078d1ac9338744f61a02 -> 
  custom:container-demuxer-ogg: 62fdf1f143b41e24485cea50d1cbac27 -> 
  custom:video-encoder-webm-vp8: eb34c28f22e8b96e1ab97ce403110664 -> 
  custom:video-decoder-webm-vp8: 9c59270c3fd7afecdb556c50c9e8de78 -> 
  custom:audio-decoder-ogg-vorbis: bf7c407c2cedff20999df2af8eb42d56 -> 
  custom:audio-encoder-webm-vorbis: bf7c407c2cedff20999df2af8eb42d56 -> 
========================================================================
Received Import Request.
  Time since last request: 41.264844 seconds.
  path: Assets/Prefabs/Characters/Player.prefab
  artifactKey: Guid(17109f930b6568145a128167c3b5f4e3) Importer(815301076,1909f56bfc062723c751e8b465ee728b)
Start importing Assets/Prefabs/Characters/Player.prefab using Guid(17109f930b6568145a128167c3b5f4e3) Importer(815301076,1909f56bfc062723c751e8b465ee728b)  -> (artifact id: '873ff1b97725254a21e91129abaccafb') in 0.332865 seconds 
========================================================================
Received Prepare
Registering precompiled user dll's ...
Registered in 0.013430 seconds.
Begin MonoManager ReloadAssembly
Symbol file LoadedFromMemory doesn't match image C:\Users\30698\Desktop\RPG-Project\Library\PackageCache\com.unity.visualscripting@1.6.1\Editor\VisualScripting.Core\Dependencies\YamlDotNet\Unity.VisualScripting.YamlDotNet.dll
Symbol file LoadedFromMemory doesn't match image C:\Users\30698\Desktop\RPG-Project\Library\PackageCache\com.unity.visualscripting@1.6.1\Editor\VisualScripting.Core\Dependencies\DotNetZip\Unity.VisualScripting.IonicZip.dll
Native extension for WindowsStandalone target not found
Refreshing native plugins compatible for Editor in 2.20 ms, found 3 plugins.
Preloading 0 native plugins for Editor in 0.00 ms.
Mono: successfully reloaded assembly
- Completed reload, in  2.688 seconds
Domain Reload Profiling:
	ReloadAssembly (2689ms)
		BeginReloadAssembly (217ms)
			ExecutionOrderSort (0ms)
			DisableScriptedObjects (11ms)
			BackupInstance (0ms)
			ReleaseScriptingObjects (0ms)
			CreateAndSetChildDomain (78ms)
		EndReloadAssembly (2354ms)
			LoadAssemblies (170ms)
			RebuildTransferFunctionScriptingTraits (0ms)
			SetupTypeCache (629ms)
			ReleaseScriptCaches (2ms)
			RebuildScriptCaches (72ms)
			SetupLoadedEditorAssemblies (1201ms)
				LogAssemblyErrors (0ms)
				InitializePlatformSupportModulesInManaged (7ms)
				SetLoadedEditorAssemblies (1ms)
				RefreshPlugins (2ms)
				BeforeProcessingInitializeOnLoad (132ms)
				ProcessInitializeOnLoadAttributes (1029ms)
				ProcessInitializeOnLoadMethodAttributes (16ms)
				AfterProcessingInitializeOnLoad (14ms)
				EditorAssembliesLoaded (0ms)
			ExecutionOrderSort2 (0ms)
			AwakeInstancesAfterBackupRestoration (66ms)
Platform modules already initialized, skipping
Refreshing native plugins compatible for Editor in 1.90 ms, found 3 plugins.
Preloading 0 native plugins for Editor in 0.00 ms.
Unloading 4863 Unused Serialized files (Serialized files now loaded: 0)
System memory in use before: 304.5 MB.
System memory in use after: 304.4 MB.

Unloading 25 unused Assets to reduce memory usage. Loaded Objects now: 5649.
Total: 8.069000 ms (FindLiveObjects: 0.744600 ms CreateObjectMapping: 0.546800 ms MarkObjects: 6.109800 ms  DeleteObjects: 0.665700 ms)

AssetImportParameters requested are different than current active one (requested -> active):
  custom:framework-win-MediaFoundation: 216162199b28c13a410421893ffa2e32 -> 
  custom:video-decoder-ogg-theora: a1e56fd34408186e4bbccfd4996cb3dc -> 
  custom:container-muxer-webm: aa71ff27fc2769a1b78a27578f13a17b -> 
  custom:container-demuxer-webm: 4f35f7cbe854078d1ac9338744f61a02 -> 
  custom:container-demuxer-ogg: 62fdf1f143b41e24485cea50d1cbac27 -> 
  custom:video-encoder-webm-vp8: eb34c28f22e8b96e1ab97ce403110664 -> 
  custom:video-decoder-webm-vp8: 9c59270c3fd7afecdb556c50c9e8de78 -> 
  custom:audio-decoder-ogg-vorbis: bf7c407c2cedff20999df2af8eb42d56 -> 
  custom:audio-encoder-webm-vorbis: bf7c407c2cedff20999df2af8eb42d56 -> 
========================================================================
Received Import Request.
  Time since last request: 154.019304 seconds.
  path: Assets/Game/Core/Progress.asset
  artifactKey: Guid(82ae987a21964b44db88a83427f5b222) Importer(815301076,1909f56bfc062723c751e8b465ee728b)
Start importing Assets/Game/Core/Progress.asset using Guid(82ae987a21964b44db88a83427f5b222) Importer(815301076,1909f56bfc062723c751e8b465ee728b)  -> (artifact id: '68ce41de09a6d0cd542651dd300ce5fc') in 0.029376 seconds 
========================================================================
Received Import Request.
  Time since last request: 0.000399 seconds.
  path: Assets/Game/Core/Core.prefab
  artifactKey: Guid(0807932895afaa249abaef415312789b) Importer(815301076,1909f56bfc062723c751e8b465ee728b)
Start importing Assets/Game/Core/Core.prefab using Guid(0807932895afaa249abaef415312789b) Importer(815301076,1909f56bfc062723c751e8b465ee728b)  -> (artifact id: '95576cacd20e211314de548f948c6da8') in 0.342949 seconds 
========================================================================
Received Import Request.
  Time since last request: 20.974584 seconds.
  path: Assets/Game/Game UI/HUD.prefab
  artifactKey: Guid(78078bb5fd13396438566035129b82da) Importer(815301076,1909f56bfc062723c751e8b465ee728b)
Start importing Assets/Game/Game UI/HUD.prefab using Guid(78078bb5fd13396438566035129b82da) Importer(815301076,1909f56bfc062723c751e8b465ee728b)  -> (artifact id: 'e77d896656d8934179015e011a1b0276') in 0.011517 seconds 
========================================================================
Received Import Request.
  Time since last request: 17.762130 seconds.
  path: Assets/Game/Game UI/HUD.prefab
  artifactKey: Guid(78078bb5fd13396438566035129b82da) Importer(815301076,1909f56bfc062723c751e8b465ee728b)
Start importing Assets/Game/Game UI/HUD.prefab using Guid(78078bb5fd13396438566035129b82da) Importer(815301076,1909f56bfc062723c751e8b465ee728b)  -> (artifact id: '62b22de230163fc937e41ed008b6fcab') in 0.010570 seconds 
========================================================================
Received Import Request.
  Time since last request: 24.785907 seconds.
  path: Assets/Game/Game UI/HUD.prefab
  artifactKey: Guid(78078bb5fd13396438566035129b82da) Importer(815301076,1909f56bfc062723c751e8b465ee728b)
Start importing Assets/Game/Game UI/HUD.prefab using Guid(78078bb5fd13396438566035129b82da) Importer(815301076,1909f56bfc062723c751e8b465ee728b)  -> (artifact id: '00382883be4040d61996e246ec664f27') in 0.011012 seconds 
========================================================================
Received Import Request.
  Time since last request: 10.807317 seconds.
  path: Assets/Game/Game UI/HUD.prefab
  artifactKey: Guid(78078bb5fd13396438566035129b82da) Importer(815301076,1909f56bfc062723c751e8b465ee728b)
Start importing Assets/Game/Game UI/HUD.prefab using Guid(78078bb5fd13396438566035129b82da) Importer(815301076,1909f56bfc062723c751e8b465ee728b)  -> (artifact id: '12c99dd5e9bdae42cf56cf088fee4443') in 0.010971 seconds 
========================================================================
Received Import Request.
  Time since last request: 16.039935 seconds.
  path: Assets/Game/Game UI/HUD.prefab
  artifactKey: Guid(78078bb5fd13396438566035129b82da) Importer(815301076,1909f56bfc062723c751e8b465ee728b)
Start importing Assets/Game/Game UI/HUD.prefab using Guid(78078bb5fd13396438566035129b82da) Importer(815301076,1909f56bfc062723c751e8b465ee728b)  -> (artifact id: '39870901b765381c0cec86c60f54bb98') in 0.010582 seconds 
========================================================================
Received Import Request.
  Time since last request: 11.269162 seconds.
  path: Assets/Game/Game UI/HUD.prefab
  artifactKey: Guid(78078bb5fd13396438566035129b82da) Importer(815301076,1909f56bfc062723c751e8b465ee728b)
Start importing Assets/Game/Game UI/HUD.prefab using Guid(78078bb5fd13396438566035129b82da) Importer(815301076,1909f56bfc062723c751e8b465ee728b)  -> (artifact id: '587ed0ac5385843b46833917b237204f') in 0.010185 seconds 
========================================================================
Received Import Request.
  Time since last request: 77.247785 seconds.
  path: Assets/Game/Game UI/HUD.prefab
  artifactKey: Guid(78078bb5fd13396438566035129b82da) Importer(815301076,1909f56bfc062723c751e8b465ee728b)
Start importing Assets/Game/Game UI/HUD.prefab using Guid(78078bb5fd13396438566035129b82da) Importer(815301076,1909f56bfc062723c751e8b465ee728b)  -> (artifact id: '5c8d097c05e70fafaf3ad11532e6724a') in 0.010768 seconds 
========================================================================
Received Import Request.
  Time since last request: 35.054158 seconds.
  path: Assets/Scripts/Resources/HealthDisplay1.cs
  artifactKey: Guid(bf6dd22d5fe3d664883d5e932c84053b) Importer(815301076,1909f56bfc062723c751e8b465ee728b)
Start importing Assets/Scripts/Resources/HealthDisplay1.cs using Guid(bf6dd22d5fe3d664883d5e932c84053b) Importer(815301076,1909f56bfc062723c751e8b465ee728b)  -> (artifact id: 'd21e44900d3851aeddf5b6389e4cf730') in 0.035634 seconds 
AssetImportWorkerClient::OnTransportError - code=2 error=End of file
